2024-10-31 15:29:32,572 - outreach_bot - INFO - Catch the modal!
2024-10-31 15:29:32,582 - outreach_bot - INFO - checkLanguage ...
2024-10-31 15:29:32,616 - outreach_bot - INFO - Successfully entered the creators page.
2024-10-31 15:29:45,023 - aws - INFO - Screenshot uploaded successfully to https://outlandish-images-2023.s3.us-west-1.amazonaws.com/tiktokbot-screenshots/2024-10-31/OutreachMessageBot-FAILED-unknown-kayeugc.png
2024-10-31 15:29:45,126 - __main__ - INFO - Retrying...
2024-10-31 15:29:45,149 - solve_captcha - WARNING - Captcha not detected, skipping captcha solving
2024-10-31 15:29:45,149 - outreach_bot - INFO - Run OutreachMessageBot for creator: 'kayeugc'
2024-10-31 15:29:45,150 - outreach_bot - INFO - findCreator ...
2024-10-31 15:29:49,707 - outreach_bot - INFO - Catch the modal!
2024-10-31 15:29:49,719 - outreach_bot - INFO - checkLanguage ...
2024-10-31 15:29:49,741 - outreach_bot - INFO - Successfully entered the creators page.
2024-10-31 15:29:54,201 - outreach_bot - INFO - Successfully entered the creator details page.
2024-10-31 15:30:01,108 - outreach_bot - INFO - processMessages ...
2024-10-31 15:30:25,444 - aws - INFO - Screenshot uploaded successfully to https://outlandish-images-2023.s3.us-west-1.amazonaws.com/tiktokbot-screenshots/2024-10-31/OutreachMessageBot-FAILED-unknown-kayeugc.png
2024-10-31 15:30:25,459 - __main__ - INFO - Retrying...
2024-10-31 15:30:25,480 - solve_captcha - WARNING - Captcha not detected, skipping captcha solving
2024-10-31 15:30:25,480 - outreach_bot - INFO - Run OutreachMessageBot for creator: 'kayeugc'
2024-10-31 15:30:25,480 - outreach_bot - INFO - findCreator ...
2024-10-31 15:30:31,934 - outreach_bot - INFO - Catch the modal!
2024-10-31 15:30:31,944 - outreach_bot - INFO - checkLanguage ...
2024-10-31 15:30:31,968 - outreach_bot - INFO - Successfully entered the creators page.
2024-10-31 15:30:37,452 - outreach_bot - INFO - Successfully entered the creator details page.
2024-10-31 15:30:42,885 - outreach_bot - INFO - processMessages ...
2024-10-31 15:31:00,315 - aws - INFO - Screenshot uploaded successfully to https://outlandish-images-2023.s3.us-west-1.amazonaws.com/tiktokbot-screenshots/2024-10-31/OutreachMessageBot-FAILED-unknown-kayeugc.png
